# JRE version: OpenJDK Runtime Environment (8.0_112-b06) (build 1.8.0_112-release-b06)
# Java VM: OpenJDK 64-Bit Server VM (25.112-b06 mixed mode windows-amd64 compressed oops)
Heap:
 PSYoungGen      total 780800K, used 354573K [0x000000076ab00000, 0x00000007a7680000, 0x00000007c0000000)
  eden space 592384K, 59% used [0x000000076ab00000,0x0000000780543598,0x000000078ed80000)
  from space 188416K, 0% used [0x000000079be80000,0x000000079be80000,0x00000007a7680000)
  to   space 201216K, 0% used [0x000000078ed80000,0x000000078ed80000,0x000000079b200000)
 ParOldGen       total 855040K, used 727250K [0x00000006c0000000, 0x00000006f4300000, 0x000000076ab00000)
  object space 855040K, 85% used [0x00000006c0000000,0x00000006ec634b00,0x00000006f4300000)
 Metaspace       used 6565K, capacity 7344K, committed 7552K, reserved 1056768K
  class space    used 597K, capacity 616K, committed 640K, reserved 1048576K
GC Heap History (10 events):
Event: 13.038 GC heap before
{Heap before GC invocations=18 (full 3):
 PSYoungGen      total 780800K, used 714015K [0x000000076ab00000, 0x00000007a7680000, 0x00000007c0000000)
  eden space 592384K, 100% used [0x000000076ab00000,0x000000078ed80000,0x000000078ed80000)
  from space 188416K, 64% used [0x000000079be80000,0x00000007a3547ec0,0x00000007a7680000)
  to   space 201216K, 0% used [0x000000078ed80000,0x000000078ed80000,0x000000079b200000)
 ParOldGen       total 512000K, used 383334K [0x00000006c0000000, 0x00000006df400000, 0x000000076ab00000)
  object space 512000K, 74% used [0x00000006c0000000,0x00000006d7659998,0x00000006df400000)
 Metaspace       used 6564K, capacity 7344K, committed 7552K, reserved 1056768K
  class space    used 597K, capacity 616K, committed 640K, reserved 1048576K
Event: 13.321 GC heap after
Heap after GC invocations=18 (full 3):
 PSYoungGen      total 793600K, used 201198K [0x000000076ab00000, 0x00000007a7680000, 0x00000007c0000000)
  eden space 592384K, 0% used [0x000000076ab00000,0x000000076ab00000,0x000000078ed80000)
  from space 201216K, 99% used [0x000000078ed80000,0x000000079b1fb8f0,0x000000079b200000)
  to   space 188416K, 0% used [0x000000079be80000,0x000000079be80000,0x00000007a7680000)
 ParOldGen       total 512000K, used 507975K [0x00000006c0000000, 0x00000006df400000, 0x000000076ab00000)
  object space 512000K, 99% used [0x00000006c0000000,0x00000006df011fa0,0x00000006df400000)
 Metaspace       used 6564K, capacity 7344K, committed 7552K, reserved 1056768K
  class space    used 597K, capacity 616K, committed 640K, reserved 1048576K
}
Event: 13.321 GC heap before
{Heap before GC invocations=19 (full 4):
 PSYoungGen      total 793600K, used 201198K [0x000000076ab00000, 0x00000007a7680000, 0x00000007c0000000)
  eden space 592384K, 0% used [0x000000076ab00000,0x000000076ab00000,0x000000078ed80000)
  from space 201216K, 99% used [0x000000078ed80000,0x000000079b1fb8f0,0x000000079b200000)
  to   space 188416K, 0% used [0x000000079be80000,0x000000079be80000,0x00000007a7680000)
 ParOldGen       total 512000K, used 507975K [0x00000006c0000000, 0x00000006df400000, 0x000000076ab00000)
  object space 512000K, 99% used [0x00000006c0000000,0x00000006df011fa0,0x00000006df400000)
 Metaspace       used 6564K, capacity 7344K, committed 7552K, reserved 1056768K
  class space    used 597K, capacity 616K, committed 640K, reserved 1048576K
Event: 16.430 GC heap after
Heap after GC invocations=19 (full 4):
 PSYoungGen      total 793600K, used 186274K [0x000000076ab00000, 0x00000007a7680000, 0x00000007c0000000)
  eden space 592384K, 0% used [0x000000076ab00000,0x000000076ab00000,0x000000078ed80000)
  from space 201216K, 92% used [0x000000078ed80000,0x000000079a3688a8,0x000000079b200000)
  to   space 188416K, 0% used [0x000000079be80000,0x000000079be80000,0x00000007a7680000)
 ParOldGen       total 512000K, used 511942K [0x00000006c0000000, 0x00000006df400000, 0x000000076ab00000)
  object space 512000K, 99% used [0x00000006c0000000,0x00000006df3f1b80,0x00000006df400000)
 Metaspace       used 6564K, capacity 7344K, committed 7552K, reserved 1056768K
  class space    used 597K, capacity 616K, committed 640K, reserved 1048576K
}
Event: 17.527 GC heap before
{Heap before GC invocations=20 (full 5):
 PSYoungGen      total 793600K, used 778658K [0x000000076ab00000, 0x00000007a7680000, 0x00000007c0000000)
  eden space 592384K, 100% used [0x000000076ab00000,0x000000078ed80000,0x000000078ed80000)
  from space 201216K, 92% used [0x000000078ed80000,0x000000079a3688a8,0x000000079b200000)
  to   space 188416K, 0% used [0x000000079be80000,0x000000079be80000,0x00000007a7680000)
 ParOldGen       total 512000K, used 511942K [0x00000006c0000000, 0x00000006df400000, 0x000000076ab00000)
  object space 512000K, 99% used [0x00000006c0000000,0x00000006df3f1b80,0x00000006df400000)
 Metaspace       used 6565K, capacity 7344K, committed 7552K, reserved 1056768K
  class space    used 597K, capacity 616K, committed 640K, reserved 1048576K
Event: 20.634 GC heap after
Heap after GC invocations=20 (full 5):
 PSYoungGen      total 793600K, used 226139K [0x000000076ab00000, 0x00000007a7680000, 0x00000007c0000000)
  eden space 592384K, 38% used [0x000000076ab00000,0x00000007787d6e78,0x000000078ed80000)
  from space 201216K, 0% used [0x000000078ed80000,0x000000078ed80000,0x000000079b200000)
  to   space 188416K, 0% used [0x000000079be80000,0x000000079be80000,0x00000007a7680000)
 ParOldGen       total 855040K, used 511845K [0x00000006c0000000, 0x00000006f4300000, 0x000000076ab00000)
  object space 855040K, 59% used [0x00000006c0000000,0x00000006df3d97d8,0x00000006f4300000)
 Metaspace       used 6565K, capacity 7344K, committed 7552K, reserved 1056768K
  class space    used 597K, capacity 616K, committed 640K, reserved 1048576K
}
Event: 21.160 GC heap before
{Heap before GC invocations=21 (full 5):
 PSYoungGen      total 793600K, used 592384K [0x000000076ab00000, 0x00000007a7680000, 0x00000007c0000000)
  eden space 592384K, 100% used [0x000000076ab00000,0x000000078ed80000,0x000000078ed80000)
  from space 201216K, 0% used [0x000000078ed80000,0x000000078ed80000,0x000000079b200000)
  to   space 188416K, 0% used [0x000000079be80000,0x000000079be80000,0x00000007a7680000)
 ParOldGen       total 855040K, used 511845K [0x00000006c0000000, 0x00000006f4300000, 0x000000076ab00000)
  object space 855040K, 59% used [0x00000006c0000000,0x00000006df3d97d8,0x00000006f4300000)
 Metaspace       used 6565K, capacity 7344K, committed 7552K, reserved 1056768K
  class space    used 597K, capacity 616K, committed 640K, reserved 1048576K
Event: 21.452 GC heap after
Heap after GC invocations=21 (full 5):
 PSYoungGen      total 780800K, used 188404K [0x000000076ab00000, 0x00000007a7680000, 0x00000007c0000000)
  eden space 592384K, 0% used [0x000000076ab00000,0x000000076ab00000,0x000000078ed80000)
  from space 188416K, 99% used [0x000000079be80000,0x00000007a767d060,0x00000007a7680000)
  to   space 201216K, 0% used [0x000000078ed80000,0x000000078ed80000,0x000000079b200000)
 ParOldGen       total 855040K, used 709539K [0x00000006c0000000, 0x00000006f4300000, 0x000000076ab00000)
  object space 855040K, 82% used [0x00000006c0000000,0x00000006eb4e8ee0,0x00000006f4300000)
 Metaspace       used 6565K, capacity 7344K, committed 7552K, reserved 1056768K
  class space    used 597K, capacity 616K, committed 640K, reserved 1048576K
}
Event: 21.452 GC heap before
{Heap before GC invocations=22 (full 6):
 PSYoungGen      total 780800K, used 188404K [0x000000076ab00000, 0x00000007a7680000, 0x00000007c0000000)
  eden space 592384K, 0% used [0x000000076ab00000,0x000000076ab00000,0x000000078ed80000)
  from space 188416K, 99% used [0x000000079be80000,0x00000007a767d060,0x00000007a7680000)
  to   space 201216K, 0% used [0x000000078ed80000,0x000000078ed80000,0x000000079b200000)
 ParOldGen       total 855040K, used 709539K [0x00000006c0000000, 0x00000006f4300000, 0x000000076ab00000)
  object space 855040K, 82% used [0x00000006c0000000,0x00000006eb4e8ee0,0x00000006f4300000)
 Metaspace       used 6565K, capacity 7344K, committed 7552K, reserved 1056768K
  class space    used 597K, capacity 616K, committed 640K, reserved 1048576K
Event: 22.672 GC heap after
Heap after GC invocations=22 (full 6):
 PSYoungGen      total 780800K, used 0K [0x000000076ab00000, 0x00000007a7680000, 0x00000007c0000000)
  eden space 592384K, 0% used [0x000000076ab00000,0x000000076ab00000,0x000000078ed80000)
  from space 188416K, 0% used [0x000000079be80000,0x000000079be80000,0x00000007a7680000)
  to   space 201216K, 0% used [0x000000078ed80000,0x000000078ed80000,0x000000079b200000)
 ParOldGen       total 855040K, used 727250K [0x00000006c0000000, 0x00000006f4300000, 0x000000076ab00000)
  object space 855040K, 85% used [0x00000006c0000000,0x00000006ec634b00,0x00000006f4300000)
 Metaspace       used 6565K, capacity 7344K, committed 7552K, reserved 1056768K
  class space    used 597K, capacity 616K, committed 640K, reserved 1048576K
}

